Analysis & Synthesis report for servo
Fri Dec 06 14:01:49 2019
Quartus Prime Version 18.1.0 Build 625 09/12/2018 SJ Lite Edition


---------------------
; Table of Contents ;
---------------------
  1. Legal Notice
  2. Analysis & Synthesis Summary
  3. Analysis & Synthesis Settings
  4. Parallel Compilation
  5. Analysis & Synthesis Source Files Read
  6. Analysis & Synthesis Resource Usage Summary
  7. Analysis & Synthesis Resource Utilization by Entity
  8. User-Specified and Inferred Latches
  9. Registers Removed During Synthesis
 10. General Register Statistics
 11. Multiplexer Restructuring Statistics (Restructuring Performed)
 12. Parameter Settings for User Entity Instance: pulse_enable:x|Counter:counterPulse
 13. Parameter Settings for User Entity Instance: pulse_enable:x|Counter:counterZero
 14. Parameter Settings for User Entity Instance: pulse_disable:y|Counter:counterPulse
 15. Port Connectivity Checks: "pulse_disable:y|Counter:counterPulse"
 16. Post-Synthesis Netlist Statistics for Top Partition
 17. Elapsed Time Per Partition
 18. Analysis & Synthesis Messages



----------------
; Legal Notice ;
----------------
Copyright (C) 2018  Intel Corporation. All rights reserved.
Your use of Intel Corporation's design tools, logic functions 
and other software and tools, and its AMPP partner logic 
functions, and any output files from any of the foregoing 
(including device programming or simulation files), and any 
associated documentation or information are expressly subject 
to the terms and conditions of the Intel Program License 
Subscription Agreement, the Intel Quartus Prime License Agreement,
the Intel FPGA IP License Agreement, or other applicable license
agreement, including, without limitation, that your use is for
the sole purpose of programming logic devices manufactured by
Intel and sold by Intel or its authorized distributors.  Please
refer to the applicable agreement for further details.



+----------------------------------------------------------------------------------+
; Analysis & Synthesis Summary                                                     ;
+------------------------------------+---------------------------------------------+
; Analysis & Synthesis Status        ; Successful - Fri Dec 06 14:01:49 2019       ;
; Quartus Prime Version              ; 18.1.0 Build 625 09/12/2018 SJ Lite Edition ;
; Revision Name                      ; servo                                       ;
; Top-level Entity Name              ; servo                                       ;
; Family                             ; MAX 10                                      ;
; Total logic elements               ; 470                                         ;
;     Total combinational functions  ; 470                                         ;
;     Dedicated logic registers      ; 44                                          ;
; Total registers                    ; 44                                          ;
; Total pins                         ; 27                                          ;
; Total virtual pins                 ; 0                                           ;
; Total memory bits                  ; 0                                           ;
; Embedded Multiplier 9-bit elements ; 0                                           ;
; Total PLLs                         ; 0                                           ;
; UFM blocks                         ; 0                                           ;
; ADC blocks                         ; 0                                           ;
+------------------------------------+---------------------------------------------+


+------------------------------------------------------------------------------------------------------------+
; Analysis & Synthesis Settings                                                                              ;
+------------------------------------------------------------------+--------------------+--------------------+
; Option                                                           ; Setting            ; Default Value      ;
+------------------------------------------------------------------+--------------------+--------------------+
; Device                                                           ; 10M50DAF484C7G     ;                    ;
; Top-level entity name                                            ; servo              ; servo              ;
; Family name                                                      ; MAX 10             ; Cyclone V          ;
; Use smart compilation                                            ; Off                ; Off                ;
; Enable parallel Assembler and Timing Analyzer during compilation ; On                 ; On                 ;
; Enable compact report table                                      ; Off                ; Off                ;
; Restructure Multiplexers                                         ; Auto               ; Auto               ;
; Create Debugging Nodes for IP Cores                              ; Off                ; Off                ;
; Preserve fewer node names                                        ; On                 ; On                 ;
; Intel FPGA IP Evaluation Mode                                    ; Enable             ; Enable             ;
; Verilog Version                                                  ; Verilog_2001       ; Verilog_2001       ;
; VHDL Version                                                     ; VHDL_1993          ; VHDL_1993          ;
; State Machine Processing                                         ; Auto               ; Auto               ;
; Safe State Machine                                               ; Off                ; Off                ;
; Extract Verilog State Machines                                   ; On                 ; On                 ;
; Extract VHDL State Machines                                      ; On                 ; On                 ;
; Ignore Verilog initial constructs                                ; Off                ; Off                ;
; Iteration limit for constant Verilog loops                       ; 5000               ; 5000               ;
; Iteration limit for non-constant Verilog loops                   ; 250                ; 250                ;
; Add Pass-Through Logic to Inferred RAMs                          ; On                 ; On                 ;
; Infer RAMs from Raw Logic                                        ; On                 ; On                 ;
; Parallel Synthesis                                               ; On                 ; On                 ;
; DSP Block Balancing                                              ; Auto               ; Auto               ;
; NOT Gate Push-Back                                               ; On                 ; On                 ;
; Power-Up Don't Care                                              ; On                 ; On                 ;
; Remove Redundant Logic Cells                                     ; Off                ; Off                ;
; Remove Duplicate Registers                                       ; On                 ; On                 ;
; Ignore CARRY Buffers                                             ; Off                ; Off                ;
; Ignore CASCADE Buffers                                           ; Off                ; Off                ;
; Ignore GLOBAL Buffers                                            ; Off                ; Off                ;
; Ignore ROW GLOBAL Buffers                                        ; Off                ; Off                ;
; Ignore LCELL Buffers                                             ; Off                ; Off                ;
; Ignore SOFT Buffers                                              ; On                 ; On                 ;
; Limit AHDL Integers to 32 Bits                                   ; Off                ; Off                ;
; Optimization Technique                                           ; Balanced           ; Balanced           ;
; Carry Chain Length                                               ; 70                 ; 70                 ;
; Auto Carry Chains                                                ; On                 ; On                 ;
; Auto Open-Drain Pins                                             ; On                 ; On                 ;
; Perform WYSIWYG Primitive Resynthesis                            ; Off                ; Off                ;
; Auto ROM Replacement                                             ; On                 ; On                 ;
; Auto RAM Replacement                                             ; On                 ; On                 ;
; Auto DSP Block Replacement                                       ; On                 ; On                 ;
; Auto Shift Register Replacement                                  ; Auto               ; Auto               ;
; Allow Shift Register Merging across Hierarchies                  ; Auto               ; Auto               ;
; Auto Clock Enable Replacement                                    ; On                 ; On                 ;
; Strict RAM Replacement                                           ; Off                ; Off                ;
; Allow Synchronous Control Signals                                ; On                 ; On                 ;
; Force Use of Synchronous Clear Signals                           ; Off                ; Off                ;
; Auto RAM Block Balancing                                         ; On                 ; On                 ;
; Auto RAM to Logic Cell Conversion                                ; Off                ; Off                ;
; Auto Resource Sharing                                            ; Off                ; Off                ;
; Allow Any RAM Size For Recognition                               ; Off                ; Off                ;
; Allow Any ROM Size For Recognition                               ; Off                ; Off                ;
; Allow Any Shift Register Size For Recognition                    ; Off                ; Off                ;
; Use LogicLock Constraints during Resource Balancing              ; On                 ; On                 ;
; Ignore translate_off and synthesis_off directives                ; Off                ; Off                ;
; Timing-Driven Synthesis                                          ; On                 ; On                 ;
; Report Parameter Settings                                        ; On                 ; On                 ;
; Report Source Assignments                                        ; On                 ; On                 ;
; Report Connectivity Checks                                       ; On                 ; On                 ;
; Ignore Maximum Fan-Out Assignments                               ; Off                ; Off                ;
; Synchronization Register Chain Length                            ; 2                  ; 2                  ;
; Power Optimization During Synthesis                              ; Normal compilation ; Normal compilation ;
; HDL message level                                                ; Level2             ; Level2             ;
; Suppress Register Optimization Related Messages                  ; Off                ; Off                ;
; Number of Removed Registers Reported in Synthesis Report         ; 5000               ; 5000               ;
; Number of Swept Nodes Reported in Synthesis Report               ; 5000               ; 5000               ;
; Number of Inverted Registers Reported in Synthesis Report        ; 100                ; 100                ;
; Clock MUX Protection                                             ; On                 ; On                 ;
; Auto Gated Clock Conversion                                      ; Off                ; Off                ;
; Block Design Naming                                              ; Auto               ; Auto               ;
; SDC constraint protection                                        ; Off                ; Off                ;
; Synthesis Effort                                                 ; Auto               ; Auto               ;
; Shift Register Replacement - Allow Asynchronous Clear Signal     ; On                 ; On                 ;
; Pre-Mapping Resynthesis Optimization                             ; Off                ; Off                ;
; Analysis & Synthesis Message Level                               ; Medium             ; Medium             ;
; Disable Register Merging Across Hierarchies                      ; Auto               ; Auto               ;
; Resource Aware Inference For Block RAM                           ; On                 ; On                 ;
+------------------------------------------------------------------+--------------------+--------------------+


+------------------------------------------+
; Parallel Compilation                     ;
+----------------------------+-------------+
; Processors                 ; Number      ;
+----------------------------+-------------+
; Number detected on machine ; 4           ;
; Maximum allowed            ; 2           ;
;                            ;             ;
; Average used               ; 1.00        ;
; Maximum used               ; 2           ;
;                            ;             ;
; Usage by Processor         ; % Time Used ;
;     Processor 1            ; 100.0%      ;
;     Processor 2            ;   0.0%      ;
+----------------------------+-------------+


+-----------------------------------------------------------------------------------------------------------------------------------------------+
; Analysis & Synthesis Source Files Read                                                                                                        ;
+----------------------------------+-----------------+-----------------+--------------------------------------------------------------+---------+
; File Name with User-Entered Path ; Used in Netlist ; File Type       ; File Name with Absolute Path                                 ; Library ;
+----------------------------------+-----------------+-----------------+--------------------------------------------------------------+---------+
; servo.vhd                        ; yes             ; User VHDL File  ; C:/Users/Ghazal/Desktop/SmartParkingSystem/servo.vhd         ;         ;
; pulse_disable.vhd                ; yes             ; User VHDL File  ; C:/Users/Ghazal/Desktop/SmartParkingSystem/pulse_disable.vhd ;         ;
; Counter.vhd                      ; yes             ; User VHDL File  ; C:/Users/Ghazal/Desktop/SmartParkingSystem/Counter.vhd       ;         ;
; pulse_enable.vhd                 ; yes             ; User VHDL File  ; C:/Users/Ghazal/Desktop/SmartParkingSystem/pulse_enable.vhd  ;         ;
+----------------------------------+-----------------+-----------------+--------------------------------------------------------------+---------+


+-----------------------------------------------------------------+
; Analysis & Synthesis Resource Usage Summary                     ;
+---------------------------------------------+-------------------+
; Resource                                    ; Usage             ;
+---------------------------------------------+-------------------+
; Estimated Total logic elements              ; 470               ;
;                                             ;                   ;
; Total combinational functions               ; 470               ;
; Logic element usage by number of LUT inputs ;                   ;
;     -- 4 input functions                    ; 109               ;
;     -- 3 input functions                    ; 182               ;
;     -- <=2 input functions                  ; 179               ;
;                                             ;                   ;
; Logic elements by mode                      ;                   ;
;     -- normal mode                          ; 248               ;
;     -- arithmetic mode                      ; 222               ;
;                                             ;                   ;
; Total registers                             ; 44                ;
;     -- Dedicated logic registers            ; 44                ;
;     -- I/O registers                        ; 0                 ;
;                                             ;                   ;
; I/O pins                                    ; 27                ;
;                                             ;                   ;
; Embedded Multiplier 9-bit elements          ; 0                 ;
;                                             ;                   ;
; Maximum fan-out node                        ; pulse_enable:x|en ;
; Maximum fan-out                             ; 45                ;
; Total fan-out                               ; 1556              ;
; Average fan-out                             ; 2.74              ;
+---------------------------------------------+-------------------+


+--------------------------------------------------------------------------------------------------------------------------------------------------------------------------------------------------------------------------------------------------------------+
; Analysis & Synthesis Resource Utilization by Entity                                                                                                                                                                                                          ;
+------------------------------+---------------------+---------------------------+-------------+------------+--------------+---------+-----------+------+--------------+------------+--------------------------------------------+--------------+--------------+
; Compilation Hierarchy Node   ; Combinational ALUTs ; Dedicated Logic Registers ; Memory Bits ; UFM Blocks ; DSP Elements ; DSP 9x9 ; DSP 18x18 ; Pins ; Virtual Pins ; ADC blocks ; Full Hierarchy Name                        ; Entity Name  ; Library Name ;
+------------------------------+---------------------+---------------------------+-------------+------------+--------------+---------+-----------+------+--------------+------------+--------------------------------------------+--------------+--------------+
; |servo                       ; 470 (407)           ; 44 (0)                    ; 0           ; 0          ; 0            ; 0       ; 0         ; 27   ; 0            ; 0          ; |servo                                     ; servo        ; work         ;
;    |pulse_enable:x|          ; 63 (19)             ; 44 (0)                    ; 0           ; 0          ; 0            ; 0       ; 0         ; 0    ; 0            ; 0          ; |servo|pulse_enable:x                      ; pulse_enable ; work         ;
;       |Counter:counterPulse| ; 22 (22)             ; 22 (22)                   ; 0           ; 0          ; 0            ; 0       ; 0         ; 0    ; 0            ; 0          ; |servo|pulse_enable:x|Counter:counterPulse ; Counter      ; work         ;
;       |Counter:counterZero|  ; 22 (22)             ; 22 (22)                   ; 0           ; 0          ; 0            ; 0       ; 0         ; 0    ; 0            ; 0          ; |servo|pulse_enable:x|Counter:counterZero  ; Counter      ; work         ;
+------------------------------+---------------------+---------------------------+-------------+------------+--------------+---------+-----------+------+--------------+------------+--------------------------------------------+--------------+--------------+
Note: For table entries with two numbers listed, the numbers in parentheses indicate the number of resources of the given type used by the specific entity alone. The numbers listed outside of parentheses indicate the total resources of the given type used by the specific entity and all of its sub-entities in the hierarchy.


+----------------------------------------------------------------------------------------------------+
; User-Specified and Inferred Latches                                                                ;
+-----------------------------------------------------+---------------------+------------------------+
; Latch Name                                          ; Latch Enable Signal ; Free of Timing Hazards ;
+-----------------------------------------------------+---------------------+------------------------+
; redIn$latch                                         ; GND                 ; yes                    ;
; redOut$latch                                        ; GND                 ; yes                    ;
; greenIn$latch                                       ; GND                 ; yes                    ;
; greenOut$latch                                      ; GND                 ; yes                    ;
; pulseIn                                             ; pulseIn             ; yes                    ;
; pulseOut                                            ; pulseOut            ; yes                    ;
; count0[0]                                           ; count0[0]           ; yes                    ;
; count0[1]                                           ; count0[0]           ; yes                    ;
; count0[2]                                           ; count0[0]           ; yes                    ;
; count0[3]                                           ; count0[0]           ; yes                    ;
; count0[4]                                           ; count0[0]           ; yes                    ;
; count0[5]                                           ; count0[0]           ; yes                    ;
; count0[6]                                           ; count0[0]           ; yes                    ;
; count0[7]                                           ; count0[0]           ; yes                    ;
; count0[8]                                           ; count0[0]           ; yes                    ;
; count0[9]                                           ; count0[0]           ; yes                    ;
; count0[10]                                          ; count0[0]           ; yes                    ;
; count0[11]                                          ; count0[0]           ; yes                    ;
; count0[12]                                          ; count0[0]           ; yes                    ;
; count0[13]                                          ; count0[0]           ; yes                    ;
; count0[14]                                          ; count0[0]           ; yes                    ;
; count0[15]                                          ; count0[0]           ; yes                    ;
; count0[16]                                          ; count0[0]           ; yes                    ;
; count0[17]                                          ; count0[0]           ; yes                    ;
; count0[18]                                          ; count0[0]           ; yes                    ;
; count0[19]                                          ; count0[0]           ; yes                    ;
; count0[20]                                          ; count0[0]           ; yes                    ;
; count0[21]                                          ; count0[0]           ; yes                    ;
; count0[22]                                          ; count0[0]           ; yes                    ;
; count0[23]                                          ; count0[0]           ; yes                    ;
; count0[24]                                          ; count0[0]           ; yes                    ;
; count0[25]                                          ; count0[0]           ; yes                    ;
; count0[26]                                          ; count0[0]           ; yes                    ;
; count0[27]                                          ; count0[0]           ; yes                    ;
; count0[28]                                          ; count0[0]           ; yes                    ;
; count0[29]                                          ; count0[0]           ; yes                    ;
; count0[30]                                          ; count0[0]           ; yes                    ;
; count0[31]                                          ; count0[0]           ; yes                    ;
; count1[0]                                           ; count1[0]           ; yes                    ;
; count1[2]                                           ; count1[0]           ; yes                    ;
; count1[3]                                           ; count1[0]           ; yes                    ;
; count1[4]                                           ; count1[0]           ; yes                    ;
; count1[5]                                           ; count1[0]           ; yes                    ;
; count1[6]                                           ; count1[0]           ; yes                    ;
; count1[7]                                           ; count1[0]           ; yes                    ;
; count1[8]                                           ; count1[0]           ; yes                    ;
; count1[9]                                           ; count1[0]           ; yes                    ;
; count1[10]                                          ; count1[0]           ; yes                    ;
; count1[11]                                          ; count1[0]           ; yes                    ;
; count1[12]                                          ; count1[0]           ; yes                    ;
; count1[13]                                          ; count1[0]           ; yes                    ;
; count1[14]                                          ; count1[0]           ; yes                    ;
; count1[15]                                          ; count1[0]           ; yes                    ;
; count1[16]                                          ; count1[0]           ; yes                    ;
; count1[17]                                          ; count1[0]           ; yes                    ;
; count1[18]                                          ; count1[0]           ; yes                    ;
; count1[19]                                          ; count1[0]           ; yes                    ;
; count1[20]                                          ; count1[0]           ; yes                    ;
; count1[21]                                          ; count1[0]           ; yes                    ;
; count1[22]                                          ; count1[0]           ; yes                    ;
; count1[23]                                          ; count1[0]           ; yes                    ;
; count1[24]                                          ; count1[0]           ; yes                    ;
; count1[25]                                          ; count1[0]           ; yes                    ;
; count1[26]                                          ; count1[0]           ; yes                    ;
; count1[27]                                          ; count1[0]           ; yes                    ;
; count1[28]                                          ; count1[0]           ; yes                    ;
; count1[29]                                          ; count1[0]           ; yes                    ;
; count1[30]                                          ; count1[0]           ; yes                    ;
; count1[31]                                          ; count1[0]           ; yes                    ;
; count1[1]                                           ; count1[0]           ; yes                    ;
; pulse_enable:x|pulse                                ; GND                 ; yes                    ;
; pulse_enable:x|en                                   ; GND                 ; yes                    ;
; pulse_enable:x|reset1                               ; GND                 ; yes                    ;
; pulse_enable:x|reset2                               ; GND                 ; yes                    ;
; Number of user-specified and inferred latches = 74  ;                     ;                        ;
+-----------------------------------------------------+---------------------+------------------------+
Note: All latches listed above may not be present at the end of synthesis due to various synthesis optimizations.


+------------------------------------------------------------------------------------------+
; Registers Removed During Synthesis                                                       ;
+---------------------------------------------------+--------------------------------------+
; Register name                                     ; Reason for Removal                   ;
+---------------------------------------------------+--------------------------------------+
; pulse_disable:y|Counter:counterPulse|count[0..21] ; Stuck at GND due to stuck port clear ;
; Total Number of Removed Registers = 22            ;                                      ;
+---------------------------------------------------+--------------------------------------+


+------------------------------------------------------+
; General Register Statistics                          ;
+----------------------------------------------+-------+
; Statistic                                    ; Value ;
+----------------------------------------------+-------+
; Total registers                              ; 44    ;
; Number of registers using Synchronous Clear  ; 0     ;
; Number of registers using Synchronous Load   ; 0     ;
; Number of registers using Asynchronous Clear ; 44    ;
; Number of registers using Asynchronous Load  ; 0     ;
; Number of registers using Clock Enable       ; 42    ;
; Number of registers using Preset             ; 0     ;
+----------------------------------------------+-------+


+------------------------------------------------------------------------------------------------------------------------------------------+
; Multiplexer Restructuring Statistics (Restructuring Performed)                                                                           ;
+--------------------+-----------+---------------+----------------------+------------------------+------------+----------------------------+
; Multiplexer Inputs ; Bus Width ; Baseline Area ; Area if Restructured ; Saving if Restructured ; Registered ; Example Multiplexer Output ;
+--------------------+-----------+---------------+----------------------+------------------------+------------+----------------------------+
; 3:1                ; 30 bits   ; 60 LEs        ; 30 LEs               ; 30 LEs                 ; No         ; |servo|count1[6]           ;
; 4:1                ; 32 bits   ; 64 LEs        ; 64 LEs               ; 0 LEs                  ; No         ; |servo|count0[0]           ;
+--------------------+-----------+---------------+----------------------+------------------------+------------+----------------------------+


+----------------------------------------------------------------------------------+
; Parameter Settings for User Entity Instance: pulse_enable:x|Counter:counterPulse ;
+----------------+-------+---------------------------------------------------------+
; Parameter Name ; Value ; Type                                                    ;
+----------------+-------+---------------------------------------------------------+
; n              ; 22    ; Signed Integer                                          ;
+----------------+-------+---------------------------------------------------------+
Note: In order to hide this table in the UI and the text report file, please set the "Show Parameter Settings in Synthesis Report" option in "Analysis and Synthesis Settings -> More Settings" to "Off".


+---------------------------------------------------------------------------------+
; Parameter Settings for User Entity Instance: pulse_enable:x|Counter:counterZero ;
+----------------+-------+--------------------------------------------------------+
; Parameter Name ; Value ; Type                                                   ;
+----------------+-------+--------------------------------------------------------+
; n              ; 22    ; Signed Integer                                         ;
+----------------+-------+--------------------------------------------------------+
Note: In order to hide this table in the UI and the text report file, please set the "Show Parameter Settings in Synthesis Report" option in "Analysis and Synthesis Settings -> More Settings" to "Off".


+-----------------------------------------------------------------------------------+
; Parameter Settings for User Entity Instance: pulse_disable:y|Counter:counterPulse ;
+----------------+-------+----------------------------------------------------------+
; Parameter Name ; Value ; Type                                                     ;
+----------------+-------+----------------------------------------------------------+
; n              ; 22    ; Signed Integer                                           ;
+----------------+-------+----------------------------------------------------------+
Note: In order to hide this table in the UI and the text report file, please set the "Show Parameter Settings in Synthesis Report" option in "Analysis and Synthesis Settings -> More Settings" to "Off".


+------------------------------------------------------------------+
; Port Connectivity Checks: "pulse_disable:y|Counter:counterPulse" ;
+--------+-------+----------+--------------------------------------+
; Port   ; Type  ; Severity ; Details                              ;
+--------+-------+----------+--------------------------------------+
; enable ; Input ; Info     ; Stuck at VCC                         ;
; reset  ; Input ; Info     ; Stuck at VCC                         ;
+--------+-------+----------+--------------------------------------+


+-----------------------------------------------------+
; Post-Synthesis Netlist Statistics for Top Partition ;
+-----------------------+-----------------------------+
; Type                  ; Count                       ;
+-----------------------+-----------------------------+
; boundary_port         ; 27                          ;
; cycloneiii_ff         ; 44                          ;
;     CLR               ; 2                           ;
;     ENA CLR           ; 42                          ;
; cycloneiii_lcell_comb ; 473                         ;
;     arith             ; 222                         ;
;         2 data inputs ; 162                         ;
;         3 data inputs ; 60                          ;
;     normal            ; 251                         ;
;         1 data inputs ; 9                           ;
;         2 data inputs ; 11                          ;
;         3 data inputs ; 122                         ;
;         4 data inputs ; 109                         ;
;                       ;                             ;
; Max LUT depth         ; 13.70                       ;
; Average LUT depth     ; 7.13                        ;
+-----------------------+-----------------------------+


+-------------------------------+
; Elapsed Time Per Partition    ;
+----------------+--------------+
; Partition Name ; Elapsed Time ;
+----------------+--------------+
; Top            ; 00:00:01     ;
+----------------+--------------+


+-------------------------------+
; Analysis & Synthesis Messages ;
+-------------------------------+
Info: *******************************************************************
Info: Running Quartus Prime Analysis & Synthesis
    Info: Version 18.1.0 Build 625 09/12/2018 SJ Lite Edition
    Info: Processing started: Fri Dec 06 14:01:30 2019
Info: Command: quartus_map --read_settings_files=on --write_settings_files=off servo -c servo
Warning (18236): Number of processors has not been specified which may cause overloading on shared machines.  Set the global assignment NUM_PARALLEL_PROCESSORS in your QSF to an appropriate value for best performance.
Info (20030): Parallel compilation is enabled and will use 2 of the 2 processors detected
Info (12021): Found 2 design units, including 1 entities, in source file servo.vhd
    Info (12022): Found design unit 1: servo-struct File: C:/Users/Ghazal/Desktop/SmartParkingSystem/servo.vhd Line: 9
    Info (12023): Found entity 1: servo File: C:/Users/Ghazal/Desktop/SmartParkingSystem/servo.vhd Line: 3
Info (12021): Found 2 design units, including 1 entities, in source file pulse_disable.vhd
    Info (12022): Found design unit 1: pulse_disable-behav File: C:/Users/Ghazal/Desktop/SmartParkingSystem/pulse_disable.vhd Line: 11
    Info (12023): Found entity 1: pulse_disable File: C:/Users/Ghazal/Desktop/SmartParkingSystem/pulse_disable.vhd Line: 6
Warning (12019): Can't analyze file -- file pusle_enable.vhd is missing
Info (12021): Found 2 design units, including 1 entities, in source file counter.vhd
    Info (12022): Found design unit 1: Counter-behav File: C:/Users/Ghazal/Desktop/SmartParkingSystem/Counter.vhd Line: 14
    Info (12023): Found entity 1: Counter File: C:/Users/Ghazal/Desktop/SmartParkingSystem/Counter.vhd Line: 5
Info (12021): Found 2 design units, including 1 entities, in source file pulse_enable.vhd
    Info (12022): Found design unit 1: pulse_enable-behav File: C:/Users/Ghazal/Desktop/SmartParkingSystem/pulse_enable.vhd Line: 11
    Info (12023): Found entity 1: pulse_enable File: C:/Users/Ghazal/Desktop/SmartParkingSystem/pulse_enable.vhd Line: 6
Info (12127): Elaborating entity "servo" for the top level hierarchy
Warning (10492): VHDL Process Statement warning at servo.vhd(39): signal "count" is read inside the Process Statement but isn't in the Process Statement's sensitivity list File: C:/Users/Ghazal/Desktop/SmartParkingSystem/servo.vhd Line: 39
Warning (10492): VHDL Process Statement warning at servo.vhd(40): signal "clke" is read inside the Process Statement but isn't in the Process Statement's sensitivity list File: C:/Users/Ghazal/Desktop/SmartParkingSystem/servo.vhd Line: 40
Warning (10492): VHDL Process Statement warning at servo.vhd(44): signal "count" is read inside the Process Statement but isn't in the Process Statement's sensitivity list File: C:/Users/Ghazal/Desktop/SmartParkingSystem/servo.vhd Line: 44
Warning (10492): VHDL Process Statement warning at servo.vhd(45): signal "clke" is read inside the Process Statement but isn't in the Process Statement's sensitivity list File: C:/Users/Ghazal/Desktop/SmartParkingSystem/servo.vhd Line: 45
Warning (10492): VHDL Process Statement warning at servo.vhd(46): signal "count0" is read inside the Process Statement but isn't in the Process Statement's sensitivity list File: C:/Users/Ghazal/Desktop/SmartParkingSystem/servo.vhd Line: 46
Warning (10492): VHDL Process Statement warning at servo.vhd(47): signal "count0" is read inside the Process Statement but isn't in the Process Statement's sensitivity list File: C:/Users/Ghazal/Desktop/SmartParkingSystem/servo.vhd Line: 47
Warning (10492): VHDL Process Statement warning at servo.vhd(48): signal "count1" is read inside the Process Statement but isn't in the Process Statement's sensitivity list File: C:/Users/Ghazal/Desktop/SmartParkingSystem/servo.vhd Line: 48
Warning (10492): VHDL Process Statement warning at servo.vhd(49): signal "count1" is read inside the Process Statement but isn't in the Process Statement's sensitivity list File: C:/Users/Ghazal/Desktop/SmartParkingSystem/servo.vhd Line: 49
Warning (10492): VHDL Process Statement warning at servo.vhd(54): signal "clkd" is read inside the Process Statement but isn't in the Process Statement's sensitivity list File: C:/Users/Ghazal/Desktop/SmartParkingSystem/servo.vhd Line: 54
Warning (10492): VHDL Process Statement warning at servo.vhd(59): signal "count" is read inside the Process Statement but isn't in the Process Statement's sensitivity list File: C:/Users/Ghazal/Desktop/SmartParkingSystem/servo.vhd Line: 59
Warning (10492): VHDL Process Statement warning at servo.vhd(60): signal "clke" is read inside the Process Statement but isn't in the Process Statement's sensitivity list File: C:/Users/Ghazal/Desktop/SmartParkingSystem/servo.vhd Line: 60
Warning (10492): VHDL Process Statement warning at servo.vhd(64): signal "count" is read inside the Process Statement but isn't in the Process Statement's sensitivity list File: C:/Users/Ghazal/Desktop/SmartParkingSystem/servo.vhd Line: 64
Warning (10492): VHDL Process Statement warning at servo.vhd(65): signal "clke" is read inside the Process Statement but isn't in the Process Statement's sensitivity list File: C:/Users/Ghazal/Desktop/SmartParkingSystem/servo.vhd Line: 65
Warning (10492): VHDL Process Statement warning at servo.vhd(66): signal "count0" is read inside the Process Statement but isn't in the Process Statement's sensitivity list File: C:/Users/Ghazal/Desktop/SmartParkingSystem/servo.vhd Line: 66
Warning (10492): VHDL Process Statement warning at servo.vhd(67): signal "count0" is read inside the Process Statement but isn't in the Process Statement's sensitivity list File: C:/Users/Ghazal/Desktop/SmartParkingSystem/servo.vhd Line: 67
Warning (10492): VHDL Process Statement warning at servo.vhd(68): signal "count1" is read inside the Process Statement but isn't in the Process Statement's sensitivity list File: C:/Users/Ghazal/Desktop/SmartParkingSystem/servo.vhd Line: 68
Warning (10492): VHDL Process Statement warning at servo.vhd(69): signal "count1" is read inside the Process Statement but isn't in the Process Statement's sensitivity list File: C:/Users/Ghazal/Desktop/SmartParkingSystem/servo.vhd Line: 69
Warning (10492): VHDL Process Statement warning at servo.vhd(74): signal "clkd" is read inside the Process Statement but isn't in the Process Statement's sensitivity list File: C:/Users/Ghazal/Desktop/SmartParkingSystem/servo.vhd Line: 74
Warning (10492): VHDL Process Statement warning at servo.vhd(79): signal "clkd" is read inside the Process Statement but isn't in the Process Statement's sensitivity list File: C:/Users/Ghazal/Desktop/SmartParkingSystem/servo.vhd Line: 79
Warning (10492): VHDL Process Statement warning at servo.vhd(83): signal "clke" is read inside the Process Statement but isn't in the Process Statement's sensitivity list File: C:/Users/Ghazal/Desktop/SmartParkingSystem/servo.vhd Line: 83
Warning (10492): VHDL Process Statement warning at servo.vhd(88): signal "count0" is read inside the Process Statement but isn't in the Process Statement's sensitivity list File: C:/Users/Ghazal/Desktop/SmartParkingSystem/servo.vhd Line: 88
Warning (10492): VHDL Process Statement warning at servo.vhd(101): signal "count1" is read inside the Process Statement but isn't in the Process Statement's sensitivity list File: C:/Users/Ghazal/Desktop/SmartParkingSystem/servo.vhd Line: 101
Warning (10631): VHDL Process Statement warning at servo.vhd(34): inferring latch(es) for signal or variable "pulseIn", which holds its previous value in one or more paths through the process File: C:/Users/Ghazal/Desktop/SmartParkingSystem/servo.vhd Line: 34
Warning (10631): VHDL Process Statement warning at servo.vhd(34): inferring latch(es) for signal or variable "greenIn", which holds its previous value in one or more paths through the process File: C:/Users/Ghazal/Desktop/SmartParkingSystem/servo.vhd Line: 34
Warning (10631): VHDL Process Statement warning at servo.vhd(34): inferring latch(es) for signal or variable "redIn", which holds its previous value in one or more paths through the process File: C:/Users/Ghazal/Desktop/SmartParkingSystem/servo.vhd Line: 34
Warning (10631): VHDL Process Statement warning at servo.vhd(34): inferring latch(es) for signal or variable "count0", which holds its previous value in one or more paths through the process File: C:/Users/Ghazal/Desktop/SmartParkingSystem/servo.vhd Line: 34
Warning (10631): VHDL Process Statement warning at servo.vhd(34): inferring latch(es) for signal or variable "count1", which holds its previous value in one or more paths through the process File: C:/Users/Ghazal/Desktop/SmartParkingSystem/servo.vhd Line: 34
Warning (10631): VHDL Process Statement warning at servo.vhd(34): inferring latch(es) for signal or variable "pulseOut", which holds its previous value in one or more paths through the process File: C:/Users/Ghazal/Desktop/SmartParkingSystem/servo.vhd Line: 34
Warning (10631): VHDL Process Statement warning at servo.vhd(34): inferring latch(es) for signal or variable "greenOut", which holds its previous value in one or more paths through the process File: C:/Users/Ghazal/Desktop/SmartParkingSystem/servo.vhd Line: 34
Warning (10631): VHDL Process Statement warning at servo.vhd(34): inferring latch(es) for signal or variable "redOut", which holds its previous value in one or more paths through the process File: C:/Users/Ghazal/Desktop/SmartParkingSystem/servo.vhd Line: 34
Info (10041): Inferred latch for "redOut" at servo.vhd(34) File: C:/Users/Ghazal/Desktop/SmartParkingSystem/servo.vhd Line: 34
Info (10041): Inferred latch for "greenOut" at servo.vhd(34) File: C:/Users/Ghazal/Desktop/SmartParkingSystem/servo.vhd Line: 34
Info (10041): Inferred latch for "pulseOut" at servo.vhd(34) File: C:/Users/Ghazal/Desktop/SmartParkingSystem/servo.vhd Line: 34
Info (10041): Inferred latch for "count1[0]" at servo.vhd(34) File: C:/Users/Ghazal/Desktop/SmartParkingSystem/servo.vhd Line: 34
Info (10041): Inferred latch for "count1[1]" at servo.vhd(34) File: C:/Users/Ghazal/Desktop/SmartParkingSystem/servo.vhd Line: 34
Info (10041): Inferred latch for "count1[2]" at servo.vhd(34) File: C:/Users/Ghazal/Desktop/SmartParkingSystem/servo.vhd Line: 34
Info (10041): Inferred latch for "count1[3]" at servo.vhd(34) File: C:/Users/Ghazal/Desktop/SmartParkingSystem/servo.vhd Line: 34
Info (10041): Inferred latch for "count1[4]" at servo.vhd(34) File: C:/Users/Ghazal/Desktop/SmartParkingSystem/servo.vhd Line: 34
Info (10041): Inferred latch for "count1[5]" at servo.vhd(34) File: C:/Users/Ghazal/Desktop/SmartParkingSystem/servo.vhd Line: 34
Info (10041): Inferred latch for "count1[6]" at servo.vhd(34) File: C:/Users/Ghazal/Desktop/SmartParkingSystem/servo.vhd Line: 34
Info (10041): Inferred latch for "count1[7]" at servo.vhd(34) File: C:/Users/Ghazal/Desktop/SmartParkingSystem/servo.vhd Line: 34
Info (10041): Inferred latch for "count1[8]" at servo.vhd(34) File: C:/Users/Ghazal/Desktop/SmartParkingSystem/servo.vhd Line: 34
Info (10041): Inferred latch for "count1[9]" at servo.vhd(34) File: C:/Users/Ghazal/Desktop/SmartParkingSystem/servo.vhd Line: 34
Info (10041): Inferred latch for "count1[10]" at servo.vhd(34) File: C:/Users/Ghazal/Desktop/SmartParkingSystem/servo.vhd Line: 34
Info (10041): Inferred latch for "count1[11]" at servo.vhd(34) File: C:/Users/Ghazal/Desktop/SmartParkingSystem/servo.vhd Line: 34
Info (10041): Inferred latch for "count1[12]" at servo.vhd(34) File: C:/Users/Ghazal/Desktop/SmartParkingSystem/servo.vhd Line: 34
Info (10041): Inferred latch for "count1[13]" at servo.vhd(34) File: C:/Users/Ghazal/Desktop/SmartParkingSystem/servo.vhd Line: 34
Info (10041): Inferred latch for "count1[14]" at servo.vhd(34) File: C:/Users/Ghazal/Desktop/SmartParkingSystem/servo.vhd Line: 34
Info (10041): Inferred latch for "count1[15]" at servo.vhd(34) File: C:/Users/Ghazal/Desktop/SmartParkingSystem/servo.vhd Line: 34
Info (10041): Inferred latch for "count1[16]" at servo.vhd(34) File: C:/Users/Ghazal/Desktop/SmartParkingSystem/servo.vhd Line: 34
Info (10041): Inferred latch for "count1[17]" at servo.vhd(34) File: C:/Users/Ghazal/Desktop/SmartParkingSystem/servo.vhd Line: 34
Info (10041): Inferred latch for "count1[18]" at servo.vhd(34) File: C:/Users/Ghazal/Desktop/SmartParkingSystem/servo.vhd Line: 34
Info (10041): Inferred latch for "count1[19]" at servo.vhd(34) File: C:/Users/Ghazal/Desktop/SmartParkingSystem/servo.vhd Line: 34
Info (10041): Inferred latch for "count1[20]" at servo.vhd(34) File: C:/Users/Ghazal/Desktop/SmartParkingSystem/servo.vhd Line: 34
Info (10041): Inferred latch for "count1[21]" at servo.vhd(34) File: C:/Users/Ghazal/Desktop/SmartParkingSystem/servo.vhd Line: 34
Info (10041): Inferred latch for "count1[22]" at servo.vhd(34) File: C:/Users/Ghazal/Desktop/SmartParkingSystem/servo.vhd Line: 34
Info (10041): Inferred latch for "count1[23]" at servo.vhd(34) File: C:/Users/Ghazal/Desktop/SmartParkingSystem/servo.vhd Line: 34
Info (10041): Inferred latch for "count1[24]" at servo.vhd(34) File: C:/Users/Ghazal/Desktop/SmartParkingSystem/servo.vhd Line: 34
Info (10041): Inferred latch for "count1[25]" at servo.vhd(34) File: C:/Users/Ghazal/Desktop/SmartParkingSystem/servo.vhd Line: 34
Info (10041): Inferred latch for "count1[26]" at servo.vhd(34) File: C:/Users/Ghazal/Desktop/SmartParkingSystem/servo.vhd Line: 34
Info (10041): Inferred latch for "count1[27]" at servo.vhd(34) File: C:/Users/Ghazal/Desktop/SmartParkingSystem/servo.vhd Line: 34
Info (10041): Inferred latch for "count1[28]" at servo.vhd(34) File: C:/Users/Ghazal/Desktop/SmartParkingSystem/servo.vhd Line: 34
Info (10041): Inferred latch for "count1[29]" at servo.vhd(34) File: C:/Users/Ghazal/Desktop/SmartParkingSystem/servo.vhd Line: 34
Info (10041): Inferred latch for "count1[30]" at servo.vhd(34) File: C:/Users/Ghazal/Desktop/SmartParkingSystem/servo.vhd Line: 34
Info (10041): Inferred latch for "count1[31]" at servo.vhd(34) File: C:/Users/Ghazal/Desktop/SmartParkingSystem/servo.vhd Line: 34
Info (10041): Inferred latch for "count0[0]" at servo.vhd(34) File: C:/Users/Ghazal/Desktop/SmartParkingSystem/servo.vhd Line: 34
Info (10041): Inferred latch for "count0[1]" at servo.vhd(34) File: C:/Users/Ghazal/Desktop/SmartParkingSystem/servo.vhd Line: 34
Info (10041): Inferred latch for "count0[2]" at servo.vhd(34) File: C:/Users/Ghazal/Desktop/SmartParkingSystem/servo.vhd Line: 34
Info (10041): Inferred latch for "count0[3]" at servo.vhd(34) File: C:/Users/Ghazal/Desktop/SmartParkingSystem/servo.vhd Line: 34
Info (10041): Inferred latch for "count0[4]" at servo.vhd(34) File: C:/Users/Ghazal/Desktop/SmartParkingSystem/servo.vhd Line: 34
Info (10041): Inferred latch for "count0[5]" at servo.vhd(34) File: C:/Users/Ghazal/Desktop/SmartParkingSystem/servo.vhd Line: 34
Info (10041): Inferred latch for "count0[6]" at servo.vhd(34) File: C:/Users/Ghazal/Desktop/SmartParkingSystem/servo.vhd Line: 34
Info (10041): Inferred latch for "count0[7]" at servo.vhd(34) File: C:/Users/Ghazal/Desktop/SmartParkingSystem/servo.vhd Line: 34
Info (10041): Inferred latch for "count0[8]" at servo.vhd(34) File: C:/Users/Ghazal/Desktop/SmartParkingSystem/servo.vhd Line: 34
Info (10041): Inferred latch for "count0[9]" at servo.vhd(34) File: C:/Users/Ghazal/Desktop/SmartParkingSystem/servo.vhd Line: 34
Info (10041): Inferred latch for "count0[10]" at servo.vhd(34) File: C:/Users/Ghazal/Desktop/SmartParkingSystem/servo.vhd Line: 34
Info (10041): Inferred latch for "count0[11]" at servo.vhd(34) File: C:/Users/Ghazal/Desktop/SmartParkingSystem/servo.vhd Line: 34
Info (10041): Inferred latch for "count0[12]" at servo.vhd(34) File: C:/Users/Ghazal/Desktop/SmartParkingSystem/servo.vhd Line: 34
Info (10041): Inferred latch for "count0[13]" at servo.vhd(34) File: C:/Users/Ghazal/Desktop/SmartParkingSystem/servo.vhd Line: 34
Info (10041): Inferred latch for "count0[14]" at servo.vhd(34) File: C:/Users/Ghazal/Desktop/SmartParkingSystem/servo.vhd Line: 34
Info (10041): Inferred latch for "count0[15]" at servo.vhd(34) File: C:/Users/Ghazal/Desktop/SmartParkingSystem/servo.vhd Line: 34
Info (10041): Inferred latch for "count0[16]" at servo.vhd(34) File: C:/Users/Ghazal/Desktop/SmartParkingSystem/servo.vhd Line: 34
Info (10041): Inferred latch for "count0[17]" at servo.vhd(34) File: C:/Users/Ghazal/Desktop/SmartParkingSystem/servo.vhd Line: 34
Info (10041): Inferred latch for "count0[18]" at servo.vhd(34) File: C:/Users/Ghazal/Desktop/SmartParkingSystem/servo.vhd Line: 34
Info (10041): Inferred latch for "count0[19]" at servo.vhd(34) File: C:/Users/Ghazal/Desktop/SmartParkingSystem/servo.vhd Line: 34
Info (10041): Inferred latch for "count0[20]" at servo.vhd(34) File: C:/Users/Ghazal/Desktop/SmartParkingSystem/servo.vhd Line: 34
Info (10041): Inferred latch for "count0[21]" at servo.vhd(34) File: C:/Users/Ghazal/Desktop/SmartParkingSystem/servo.vhd Line: 34
Info (10041): Inferred latch for "count0[22]" at servo.vhd(34) File: C:/Users/Ghazal/Desktop/SmartParkingSystem/servo.vhd Line: 34
Info (10041): Inferred latch for "count0[23]" at servo.vhd(34) File: C:/Users/Ghazal/Desktop/SmartParkingSystem/servo.vhd Line: 34
Info (10041): Inferred latch for "count0[24]" at servo.vhd(34) File: C:/Users/Ghazal/Desktop/SmartParkingSystem/servo.vhd Line: 34
Info (10041): Inferred latch for "count0[25]" at servo.vhd(34) File: C:/Users/Ghazal/Desktop/SmartParkingSystem/servo.vhd Line: 34
Info (10041): Inferred latch for "count0[26]" at servo.vhd(34) File: C:/Users/Ghazal/Desktop/SmartParkingSystem/servo.vhd Line: 34
Info (10041): Inferred latch for "count0[27]" at servo.vhd(34) File: C:/Users/Ghazal/Desktop/SmartParkingSystem/servo.vhd Line: 34
Info (10041): Inferred latch for "count0[28]" at servo.vhd(34) File: C:/Users/Ghazal/Desktop/SmartParkingSystem/servo.vhd Line: 34
Info (10041): Inferred latch for "count0[29]" at servo.vhd(34) File: C:/Users/Ghazal/Desktop/SmartParkingSystem/servo.vhd Line: 34
Info (10041): Inferred latch for "count0[30]" at servo.vhd(34) File: C:/Users/Ghazal/Desktop/SmartParkingSystem/servo.vhd Line: 34
Info (10041): Inferred latch for "count0[31]" at servo.vhd(34) File: C:/Users/Ghazal/Desktop/SmartParkingSystem/servo.vhd Line: 34
Info (10041): Inferred latch for "redIn" at servo.vhd(34) File: C:/Users/Ghazal/Desktop/SmartParkingSystem/servo.vhd Line: 34
Info (10041): Inferred latch for "greenIn" at servo.vhd(34) File: C:/Users/Ghazal/Desktop/SmartParkingSystem/servo.vhd Line: 34
Info (10041): Inferred latch for "pulseIn" at servo.vhd(34) File: C:/Users/Ghazal/Desktop/SmartParkingSystem/servo.vhd Line: 34
Info (12128): Elaborating entity "pulse_enable" for hierarchy "pulse_enable:x" File: C:/Users/Ghazal/Desktop/SmartParkingSystem/servo.vhd Line: 31
Warning (10631): VHDL Process Statement warning at pulse_enable.vhd(27): inferring latch(es) for signal or variable "reset1", which holds its previous value in one or more paths through the process File: C:/Users/Ghazal/Desktop/SmartParkingSystem/pulse_enable.vhd Line: 27
Warning (10631): VHDL Process Statement warning at pulse_enable.vhd(27): inferring latch(es) for signal or variable "reset2", which holds its previous value in one or more paths through the process File: C:/Users/Ghazal/Desktop/SmartParkingSystem/pulse_enable.vhd Line: 27
Warning (10631): VHDL Process Statement warning at pulse_enable.vhd(27): inferring latch(es) for signal or variable "pulse", which holds its previous value in one or more paths through the process File: C:/Users/Ghazal/Desktop/SmartParkingSystem/pulse_enable.vhd Line: 27
Warning (10631): VHDL Process Statement warning at pulse_enable.vhd(27): inferring latch(es) for signal or variable "en", which holds its previous value in one or more paths through the process File: C:/Users/Ghazal/Desktop/SmartParkingSystem/pulse_enable.vhd Line: 27
Info (10041): Inferred latch for "en" at pulse_enable.vhd(27) File: C:/Users/Ghazal/Desktop/SmartParkingSystem/pulse_enable.vhd Line: 27
Info (10041): Inferred latch for "pulse" at pulse_enable.vhd(27) File: C:/Users/Ghazal/Desktop/SmartParkingSystem/pulse_enable.vhd Line: 27
Info (10041): Inferred latch for "reset2" at pulse_enable.vhd(27) File: C:/Users/Ghazal/Desktop/SmartParkingSystem/pulse_enable.vhd Line: 27
Info (10041): Inferred latch for "reset1" at pulse_enable.vhd(27) File: C:/Users/Ghazal/Desktop/SmartParkingSystem/pulse_enable.vhd Line: 27
Info (12128): Elaborating entity "Counter" for hierarchy "pulse_enable:x|Counter:counterPulse" File: C:/Users/Ghazal/Desktop/SmartParkingSystem/pulse_enable.vhd Line: 24
Info (12128): Elaborating entity "pulse_disable" for hierarchy "pulse_disable:y" File: C:/Users/Ghazal/Desktop/SmartParkingSystem/servo.vhd Line: 32
Warning (10540): VHDL Signal Declaration warning at pulse_disable.vhd(19): used explicit default value for signal "enable" because signal was never assigned a value File: C:/Users/Ghazal/Desktop/SmartParkingSystem/pulse_disable.vhd Line: 19
Warning (10631): VHDL Process Statement warning at pulse_disable.vhd(25): inferring latch(es) for signal or variable "reset", which holds its previous value in one or more paths through the process File: C:/Users/Ghazal/Desktop/SmartParkingSystem/pulse_disable.vhd Line: 25
Info (10041): Inferred latch for "reset" at pulse_disable.vhd(25) File: C:/Users/Ghazal/Desktop/SmartParkingSystem/pulse_disable.vhd Line: 25
Warning (13012): Latch pulseIn has unsafe behavior File: C:/Users/Ghazal/Desktop/SmartParkingSystem/servo.vhd Line: 34
    Warning (13013): Ports D and ENA on the latch are fed by the same signal smo File: C:/Users/Ghazal/Desktop/SmartParkingSystem/servo.vhd Line: 4
Warning (13012): Latch pulseOut has unsafe behavior File: C:/Users/Ghazal/Desktop/SmartParkingSystem/servo.vhd Line: 34
    Warning (13013): Ports D and ENA on the latch are fed by the same signal smo File: C:/Users/Ghazal/Desktop/SmartParkingSystem/servo.vhd Line: 4
Warning (13012): Latch count0[0] has unsafe behavior File: C:/Users/Ghazal/Desktop/SmartParkingSystem/servo.vhd Line: 34
    Warning (13013): Ports D and ENA on the latch are fed by the same signal count0[31] File: C:/Users/Ghazal/Desktop/SmartParkingSystem/servo.vhd Line: 34
Warning (13012): Latch count0[1] has unsafe behavior File: C:/Users/Ghazal/Desktop/SmartParkingSystem/servo.vhd Line: 34
    Warning (13013): Ports D and ENA on the latch are fed by the same signal count0[31] File: C:/Users/Ghazal/Desktop/SmartParkingSystem/servo.vhd Line: 34
Warning (13012): Latch count0[2] has unsafe behavior File: C:/Users/Ghazal/Desktop/SmartParkingSystem/servo.vhd Line: 34
    Warning (13013): Ports D and ENA on the latch are fed by the same signal count0[31] File: C:/Users/Ghazal/Desktop/SmartParkingSystem/servo.vhd Line: 34
Warning (13012): Latch count0[3] has unsafe behavior File: C:/Users/Ghazal/Desktop/SmartParkingSystem/servo.vhd Line: 34
    Warning (13013): Ports D and ENA on the latch are fed by the same signal count0[31] File: C:/Users/Ghazal/Desktop/SmartParkingSystem/servo.vhd Line: 34
Warning (13012): Latch count0[4] has unsafe behavior File: C:/Users/Ghazal/Desktop/SmartParkingSystem/servo.vhd Line: 34
    Warning (13013): Ports D and ENA on the latch are fed by the same signal count0[31] File: C:/Users/Ghazal/Desktop/SmartParkingSystem/servo.vhd Line: 34
Warning (13012): Latch count0[5] has unsafe behavior File: C:/Users/Ghazal/Desktop/SmartParkingSystem/servo.vhd Line: 34
    Warning (13013): Ports D and ENA on the latch are fed by the same signal count0[31] File: C:/Users/Ghazal/Desktop/SmartParkingSystem/servo.vhd Line: 34
Warning (13012): Latch count0[6] has unsafe behavior File: C:/Users/Ghazal/Desktop/SmartParkingSystem/servo.vhd Line: 34
    Warning (13013): Ports D and ENA on the latch are fed by the same signal count0[31] File: C:/Users/Ghazal/Desktop/SmartParkingSystem/servo.vhd Line: 34
Warning (13012): Latch count0[7] has unsafe behavior File: C:/Users/Ghazal/Desktop/SmartParkingSystem/servo.vhd Line: 34
    Warning (13013): Ports D and ENA on the latch are fed by the same signal count0[31] File: C:/Users/Ghazal/Desktop/SmartParkingSystem/servo.vhd Line: 34
Warning (13012): Latch count0[8] has unsafe behavior File: C:/Users/Ghazal/Desktop/SmartParkingSystem/servo.vhd Line: 34
    Warning (13013): Ports D and ENA on the latch are fed by the same signal count0[31] File: C:/Users/Ghazal/Desktop/SmartParkingSystem/servo.vhd Line: 34
Warning (13012): Latch count0[9] has unsafe behavior File: C:/Users/Ghazal/Desktop/SmartParkingSystem/servo.vhd Line: 34
    Warning (13013): Ports D and ENA on the latch are fed by the same signal count0[31] File: C:/Users/Ghazal/Desktop/SmartParkingSystem/servo.vhd Line: 34
Warning (13012): Latch count0[10] has unsafe behavior File: C:/Users/Ghazal/Desktop/SmartParkingSystem/servo.vhd Line: 34
    Warning (13013): Ports D and ENA on the latch are fed by the same signal count0[31] File: C:/Users/Ghazal/Desktop/SmartParkingSystem/servo.vhd Line: 34
Warning (13012): Latch count0[11] has unsafe behavior File: C:/Users/Ghazal/Desktop/SmartParkingSystem/servo.vhd Line: 34
    Warning (13013): Ports D and ENA on the latch are fed by the same signal count0[31] File: C:/Users/Ghazal/Desktop/SmartParkingSystem/servo.vhd Line: 34
Warning (13012): Latch count0[12] has unsafe behavior File: C:/Users/Ghazal/Desktop/SmartParkingSystem/servo.vhd Line: 34
    Warning (13013): Ports D and ENA on the latch are fed by the same signal count0[31] File: C:/Users/Ghazal/Desktop/SmartParkingSystem/servo.vhd Line: 34
Warning (13012): Latch count0[13] has unsafe behavior File: C:/Users/Ghazal/Desktop/SmartParkingSystem/servo.vhd Line: 34
    Warning (13013): Ports D and ENA on the latch are fed by the same signal count0[31] File: C:/Users/Ghazal/Desktop/SmartParkingSystem/servo.vhd Line: 34
Warning (13012): Latch count0[14] has unsafe behavior File: C:/Users/Ghazal/Desktop/SmartParkingSystem/servo.vhd Line: 34
    Warning (13013): Ports D and ENA on the latch are fed by the same signal count0[31] File: C:/Users/Ghazal/Desktop/SmartParkingSystem/servo.vhd Line: 34
Warning (13012): Latch count0[15] has unsafe behavior File: C:/Users/Ghazal/Desktop/SmartParkingSystem/servo.vhd Line: 34
    Warning (13013): Ports D and ENA on the latch are fed by the same signal count0[31] File: C:/Users/Ghazal/Desktop/SmartParkingSystem/servo.vhd Line: 34
Warning (13012): Latch count0[16] has unsafe behavior File: C:/Users/Ghazal/Desktop/SmartParkingSystem/servo.vhd Line: 34
    Warning (13013): Ports D and ENA on the latch are fed by the same signal count0[31] File: C:/Users/Ghazal/Desktop/SmartParkingSystem/servo.vhd Line: 34
Warning (13012): Latch count0[17] has unsafe behavior File: C:/Users/Ghazal/Desktop/SmartParkingSystem/servo.vhd Line: 34
    Warning (13013): Ports D and ENA on the latch are fed by the same signal count0[31] File: C:/Users/Ghazal/Desktop/SmartParkingSystem/servo.vhd Line: 34
Warning (13012): Latch count0[18] has unsafe behavior File: C:/Users/Ghazal/Desktop/SmartParkingSystem/servo.vhd Line: 34
    Warning (13013): Ports D and ENA on the latch are fed by the same signal count0[31] File: C:/Users/Ghazal/Desktop/SmartParkingSystem/servo.vhd Line: 34
Warning (13012): Latch count0[19] has unsafe behavior File: C:/Users/Ghazal/Desktop/SmartParkingSystem/servo.vhd Line: 34
    Warning (13013): Ports D and ENA on the latch are fed by the same signal count0[31] File: C:/Users/Ghazal/Desktop/SmartParkingSystem/servo.vhd Line: 34
Warning (13012): Latch count0[20] has unsafe behavior File: C:/Users/Ghazal/Desktop/SmartParkingSystem/servo.vhd Line: 34
    Warning (13013): Ports D and ENA on the latch are fed by the same signal count0[31] File: C:/Users/Ghazal/Desktop/SmartParkingSystem/servo.vhd Line: 34
Warning (13012): Latch count0[21] has unsafe behavior File: C:/Users/Ghazal/Desktop/SmartParkingSystem/servo.vhd Line: 34
    Warning (13013): Ports D and ENA on the latch are fed by the same signal count0[31] File: C:/Users/Ghazal/Desktop/SmartParkingSystem/servo.vhd Line: 34
Warning (13012): Latch count0[22] has unsafe behavior File: C:/Users/Ghazal/Desktop/SmartParkingSystem/servo.vhd Line: 34
    Warning (13013): Ports D and ENA on the latch are fed by the same signal count0[31] File: C:/Users/Ghazal/Desktop/SmartParkingSystem/servo.vhd Line: 34
Warning (13012): Latch count0[23] has unsafe behavior File: C:/Users/Ghazal/Desktop/SmartParkingSystem/servo.vhd Line: 34
    Warning (13013): Ports D and ENA on the latch are fed by the same signal count0[31] File: C:/Users/Ghazal/Desktop/SmartParkingSystem/servo.vhd Line: 34
Warning (13012): Latch count0[24] has unsafe behavior File: C:/Users/Ghazal/Desktop/SmartParkingSystem/servo.vhd Line: 34
    Warning (13013): Ports D and ENA on the latch are fed by the same signal count0[31] File: C:/Users/Ghazal/Desktop/SmartParkingSystem/servo.vhd Line: 34
Warning (13012): Latch count0[25] has unsafe behavior File: C:/Users/Ghazal/Desktop/SmartParkingSystem/servo.vhd Line: 34
    Warning (13013): Ports D and ENA on the latch are fed by the same signal count0[31] File: C:/Users/Ghazal/Desktop/SmartParkingSystem/servo.vhd Line: 34
Warning (13012): Latch count0[26] has unsafe behavior File: C:/Users/Ghazal/Desktop/SmartParkingSystem/servo.vhd Line: 34
    Warning (13013): Ports D and ENA on the latch are fed by the same signal count0[31] File: C:/Users/Ghazal/Desktop/SmartParkingSystem/servo.vhd Line: 34
Warning (13012): Latch count0[27] has unsafe behavior File: C:/Users/Ghazal/Desktop/SmartParkingSystem/servo.vhd Line: 34
    Warning (13013): Ports D and ENA on the latch are fed by the same signal count0[31] File: C:/Users/Ghazal/Desktop/SmartParkingSystem/servo.vhd Line: 34
Warning (13012): Latch count0[28] has unsafe behavior File: C:/Users/Ghazal/Desktop/SmartParkingSystem/servo.vhd Line: 34
    Warning (13013): Ports D and ENA on the latch are fed by the same signal count0[31] File: C:/Users/Ghazal/Desktop/SmartParkingSystem/servo.vhd Line: 34
Warning (13012): Latch count0[29] has unsafe behavior File: C:/Users/Ghazal/Desktop/SmartParkingSystem/servo.vhd Line: 34
    Warning (13013): Ports D and ENA on the latch are fed by the same signal count0[31] File: C:/Users/Ghazal/Desktop/SmartParkingSystem/servo.vhd Line: 34
Warning (13012): Latch count0[30] has unsafe behavior File: C:/Users/Ghazal/Desktop/SmartParkingSystem/servo.vhd Line: 34
    Warning (13013): Ports D and ENA on the latch are fed by the same signal count0[31] File: C:/Users/Ghazal/Desktop/SmartParkingSystem/servo.vhd Line: 34
Warning (13012): Latch count0[31] has unsafe behavior File: C:/Users/Ghazal/Desktop/SmartParkingSystem/servo.vhd Line: 34
    Warning (13013): Ports D and ENA on the latch are fed by the same signal count0[31] File: C:/Users/Ghazal/Desktop/SmartParkingSystem/servo.vhd Line: 34
Warning (13012): Latch count1[0] has unsafe behavior File: C:/Users/Ghazal/Desktop/SmartParkingSystem/servo.vhd Line: 34
    Warning (13013): Ports D and ENA on the latch are fed by the same signal infOut File: C:/Users/Ghazal/Desktop/SmartParkingSystem/servo.vhd Line: 4
Warning (13012): Latch count1[2] has unsafe behavior File: C:/Users/Ghazal/Desktop/SmartParkingSystem/servo.vhd Line: 34
    Warning (13013): Ports D and ENA on the latch are fed by the same signal infOut File: C:/Users/Ghazal/Desktop/SmartParkingSystem/servo.vhd Line: 4
Warning (13012): Latch count1[3] has unsafe behavior File: C:/Users/Ghazal/Desktop/SmartParkingSystem/servo.vhd Line: 34
    Warning (13013): Ports D and ENA on the latch are fed by the same signal infOut File: C:/Users/Ghazal/Desktop/SmartParkingSystem/servo.vhd Line: 4
Warning (13012): Latch count1[4] has unsafe behavior File: C:/Users/Ghazal/Desktop/SmartParkingSystem/servo.vhd Line: 34
    Warning (13013): Ports D and ENA on the latch are fed by the same signal infOut File: C:/Users/Ghazal/Desktop/SmartParkingSystem/servo.vhd Line: 4
Warning (13012): Latch count1[5] has unsafe behavior File: C:/Users/Ghazal/Desktop/SmartParkingSystem/servo.vhd Line: 34
    Warning (13013): Ports D and ENA on the latch are fed by the same signal infOut File: C:/Users/Ghazal/Desktop/SmartParkingSystem/servo.vhd Line: 4
Warning (13012): Latch count1[6] has unsafe behavior File: C:/Users/Ghazal/Desktop/SmartParkingSystem/servo.vhd Line: 34
    Warning (13013): Ports D and ENA on the latch are fed by the same signal infOut File: C:/Users/Ghazal/Desktop/SmartParkingSystem/servo.vhd Line: 4
Warning (13012): Latch count1[7] has unsafe behavior File: C:/Users/Ghazal/Desktop/SmartParkingSystem/servo.vhd Line: 34
    Warning (13013): Ports D and ENA on the latch are fed by the same signal infOut File: C:/Users/Ghazal/Desktop/SmartParkingSystem/servo.vhd Line: 4
Warning (13012): Latch count1[8] has unsafe behavior File: C:/Users/Ghazal/Desktop/SmartParkingSystem/servo.vhd Line: 34
    Warning (13013): Ports D and ENA on the latch are fed by the same signal infOut File: C:/Users/Ghazal/Desktop/SmartParkingSystem/servo.vhd Line: 4
Warning (13012): Latch count1[9] has unsafe behavior File: C:/Users/Ghazal/Desktop/SmartParkingSystem/servo.vhd Line: 34
    Warning (13013): Ports D and ENA on the latch are fed by the same signal infOut File: C:/Users/Ghazal/Desktop/SmartParkingSystem/servo.vhd Line: 4
Warning (13012): Latch count1[10] has unsafe behavior File: C:/Users/Ghazal/Desktop/SmartParkingSystem/servo.vhd Line: 34
    Warning (13013): Ports D and ENA on the latch are fed by the same signal infOut File: C:/Users/Ghazal/Desktop/SmartParkingSystem/servo.vhd Line: 4
Warning (13012): Latch count1[11] has unsafe behavior File: C:/Users/Ghazal/Desktop/SmartParkingSystem/servo.vhd Line: 34
    Warning (13013): Ports D and ENA on the latch are fed by the same signal infOut File: C:/Users/Ghazal/Desktop/SmartParkingSystem/servo.vhd Line: 4
Warning (13012): Latch count1[12] has unsafe behavior File: C:/Users/Ghazal/Desktop/SmartParkingSystem/servo.vhd Line: 34
    Warning (13013): Ports D and ENA on the latch are fed by the same signal infOut File: C:/Users/Ghazal/Desktop/SmartParkingSystem/servo.vhd Line: 4
Warning (13012): Latch count1[13] has unsafe behavior File: C:/Users/Ghazal/Desktop/SmartParkingSystem/servo.vhd Line: 34
    Warning (13013): Ports D and ENA on the latch are fed by the same signal infOut File: C:/Users/Ghazal/Desktop/SmartParkingSystem/servo.vhd Line: 4
Warning (13012): Latch count1[14] has unsafe behavior File: C:/Users/Ghazal/Desktop/SmartParkingSystem/servo.vhd Line: 34
    Warning (13013): Ports D and ENA on the latch are fed by the same signal infOut File: C:/Users/Ghazal/Desktop/SmartParkingSystem/servo.vhd Line: 4
Warning (13012): Latch count1[15] has unsafe behavior File: C:/Users/Ghazal/Desktop/SmartParkingSystem/servo.vhd Line: 34
    Warning (13013): Ports D and ENA on the latch are fed by the same signal infOut File: C:/Users/Ghazal/Desktop/SmartParkingSystem/servo.vhd Line: 4
Warning (13012): Latch count1[16] has unsafe behavior File: C:/Users/Ghazal/Desktop/SmartParkingSystem/servo.vhd Line: 34
    Warning (13013): Ports D and ENA on the latch are fed by the same signal infOut File: C:/Users/Ghazal/Desktop/SmartParkingSystem/servo.vhd Line: 4
Warning (13012): Latch count1[17] has unsafe behavior File: C:/Users/Ghazal/Desktop/SmartParkingSystem/servo.vhd Line: 34
    Warning (13013): Ports D and ENA on the latch are fed by the same signal infOut File: C:/Users/Ghazal/Desktop/SmartParkingSystem/servo.vhd Line: 4
Warning (13012): Latch count1[18] has unsafe behavior File: C:/Users/Ghazal/Desktop/SmartParkingSystem/servo.vhd Line: 34
    Warning (13013): Ports D and ENA on the latch are fed by the same signal infOut File: C:/Users/Ghazal/Desktop/SmartParkingSystem/servo.vhd Line: 4
Warning (13012): Latch count1[19] has unsafe behavior File: C:/Users/Ghazal/Desktop/SmartParkingSystem/servo.vhd Line: 34
    Warning (13013): Ports D and ENA on the latch are fed by the same signal infOut File: C:/Users/Ghazal/Desktop/SmartParkingSystem/servo.vhd Line: 4
Warning (13012): Latch count1[20] has unsafe behavior File: C:/Users/Ghazal/Desktop/SmartParkingSystem/servo.vhd Line: 34
    Warning (13013): Ports D and ENA on the latch are fed by the same signal infOut File: C:/Users/Ghazal/Desktop/SmartParkingSystem/servo.vhd Line: 4
Warning (13012): Latch count1[21] has unsafe behavior File: C:/Users/Ghazal/Desktop/SmartParkingSystem/servo.vhd Line: 34
    Warning (13013): Ports D and ENA on the latch are fed by the same signal infOut File: C:/Users/Ghazal/Desktop/SmartParkingSystem/servo.vhd Line: 4
Warning (13012): Latch count1[22] has unsafe behavior File: C:/Users/Ghazal/Desktop/SmartParkingSystem/servo.vhd Line: 34
    Warning (13013): Ports D and ENA on the latch are fed by the same signal infOut File: C:/Users/Ghazal/Desktop/SmartParkingSystem/servo.vhd Line: 4
Warning (13012): Latch count1[23] has unsafe behavior File: C:/Users/Ghazal/Desktop/SmartParkingSystem/servo.vhd Line: 34
    Warning (13013): Ports D and ENA on the latch are fed by the same signal infOut File: C:/Users/Ghazal/Desktop/SmartParkingSystem/servo.vhd Line: 4
Warning (13012): Latch count1[24] has unsafe behavior File: C:/Users/Ghazal/Desktop/SmartParkingSystem/servo.vhd Line: 34
    Warning (13013): Ports D and ENA on the latch are fed by the same signal infOut File: C:/Users/Ghazal/Desktop/SmartParkingSystem/servo.vhd Line: 4
Warning (13012): Latch count1[25] has unsafe behavior File: C:/Users/Ghazal/Desktop/SmartParkingSystem/servo.vhd Line: 34
    Warning (13013): Ports D and ENA on the latch are fed by the same signal infOut File: C:/Users/Ghazal/Desktop/SmartParkingSystem/servo.vhd Line: 4
Warning (13012): Latch count1[26] has unsafe behavior File: C:/Users/Ghazal/Desktop/SmartParkingSystem/servo.vhd Line: 34
    Warning (13013): Ports D and ENA on the latch are fed by the same signal infOut File: C:/Users/Ghazal/Desktop/SmartParkingSystem/servo.vhd Line: 4
Warning (13012): Latch count1[27] has unsafe behavior File: C:/Users/Ghazal/Desktop/SmartParkingSystem/servo.vhd Line: 34
    Warning (13013): Ports D and ENA on the latch are fed by the same signal infOut File: C:/Users/Ghazal/Desktop/SmartParkingSystem/servo.vhd Line: 4
Warning (13012): Latch count1[28] has unsafe behavior File: C:/Users/Ghazal/Desktop/SmartParkingSystem/servo.vhd Line: 34
    Warning (13013): Ports D and ENA on the latch are fed by the same signal infOut File: C:/Users/Ghazal/Desktop/SmartParkingSystem/servo.vhd Line: 4
Warning (13012): Latch count1[29] has unsafe behavior File: C:/Users/Ghazal/Desktop/SmartParkingSystem/servo.vhd Line: 34
    Warning (13013): Ports D and ENA on the latch are fed by the same signal infOut File: C:/Users/Ghazal/Desktop/SmartParkingSystem/servo.vhd Line: 4
Warning (13012): Latch count1[30] has unsafe behavior File: C:/Users/Ghazal/Desktop/SmartParkingSystem/servo.vhd Line: 34
    Warning (13013): Ports D and ENA on the latch are fed by the same signal infOut File: C:/Users/Ghazal/Desktop/SmartParkingSystem/servo.vhd Line: 4
Warning (13012): Latch count1[31] has unsafe behavior File: C:/Users/Ghazal/Desktop/SmartParkingSystem/servo.vhd Line: 34
    Warning (13013): Ports D and ENA on the latch are fed by the same signal infOut File: C:/Users/Ghazal/Desktop/SmartParkingSystem/servo.vhd Line: 4
Warning (13012): Latch count1[1] has unsafe behavior File: C:/Users/Ghazal/Desktop/SmartParkingSystem/servo.vhd Line: 34
    Warning (13013): Ports D and ENA on the latch are fed by the same signal infOut File: C:/Users/Ghazal/Desktop/SmartParkingSystem/servo.vhd Line: 4
Info (286030): Timing-Driven Synthesis is running
Info (16010): Generating hard_block partition "hard_block:auto_generated_inst"
    Info (16011): Adding 0 node(s), including 0 DDIO, 0 PLL, 0 transceiver and 0 LCELL
Info (21057): Implemented 497 device resources after synthesis - the final resource count might be different
    Info (21058): Implemented 6 input pins
    Info (21059): Implemented 21 output pins
    Info (21061): Implemented 470 logic cells
Info: Quartus Prime Analysis & Synthesis was successful. 0 errors, 170 warnings
    Info: Peak virtual memory: 4807 megabytes
    Info: Processing ended: Fri Dec 06 14:01:49 2019
    Info: Elapsed time: 00:00:19
    Info: Total CPU time (on all processors): 00:00:35


